Using pre-set license
Built from '2022.3/staging' branch; Version is '2022.3.38f1 (c5d5a7410213) revision 12965287'; Using compiler version '192829333'; Build Type 'Release'
OS: 'Windows 11  (10.0.22631) 64bit Professional' Language: 'ru' Physical Memory: 16329 MB
BatchMode: 1, IsHumanControllingUs: 0, StartBugReporterOnCrash: 0, Is64bit: 1, IsPro: 1

COMMAND LINE ARGUMENTS:
C:\Program Files\Unity\Hub\Editor\2022.3.38f1\Editor\Unity.exe
-adb2
-batchMode
-noUpm
-name
AssetImportWorker0
-projectPath
C:/Users/foxed/Documents/Unity Projects/hotelKonstantin/Hotel Konstantin
-logFile
Logs/AssetImportWorker0.log
-srvPort
51862
Successfully changed project path to: C:/Users/foxed/Documents/Unity Projects/hotelKonstantin/Hotel Konstantin
C:/Users/foxed/Documents/Unity Projects/hotelKonstantin/Hotel Konstantin
[UnityMemory] Configuration Parameters - Can be set up in boot.config
    "memorysetup-bucket-allocator-granularity=16"
    "memorysetup-bucket-allocator-bucket-count=8"
    "memorysetup-bucket-allocator-block-size=33554432"
    "memorysetup-bucket-allocator-block-count=8"
    "memorysetup-main-allocator-block-size=16777216"
    "memorysetup-thread-allocator-block-size=16777216"
    "memorysetup-gfx-main-allocator-block-size=16777216"
    "memorysetup-gfx-thread-allocator-block-size=16777216"
    "memorysetup-cache-allocator-block-size=4194304"
    "memorysetup-typetree-allocator-block-size=2097152"
    "memorysetup-profiler-bucket-allocator-granularity=16"
    "memorysetup-profiler-bucket-allocator-bucket-count=8"
    "memorysetup-profiler-bucket-allocator-block-size=33554432"
    "memorysetup-profiler-bucket-allocator-block-count=8"
    "memorysetup-profiler-allocator-block-size=16777216"
    "memorysetup-profiler-editor-allocator-block-size=1048576"
    "memorysetup-temp-allocator-size-main=16777216"
    "memorysetup-job-temp-allocator-block-size=2097152"
    "memorysetup-job-temp-allocator-block-size-background=1048576"
    "memorysetup-job-temp-allocator-reduction-small-platforms=262144"
    "memorysetup-allocator-temp-initial-block-size-main=262144"
    "memorysetup-allocator-temp-initial-block-size-worker=262144"
    "memorysetup-temp-allocator-size-background-worker=32768"
    "memorysetup-temp-allocator-size-job-worker=262144"
    "memorysetup-temp-allocator-size-preload-manager=33554432"
    "memorysetup-temp-allocator-size-nav-mesh-worker=65536"
    "memorysetup-temp-allocator-size-audio-worker=65536"
    "memorysetup-temp-allocator-size-cloud-worker=32768"
    "memorysetup-temp-allocator-size-gi-baking-worker=262144"
    "memorysetup-temp-allocator-size-gfx=262144"
Player connection [11508]  Target information:

Player connection [11508]  * "[IP] 192.168.31.188 [Port] 0 [Flags] 2 [Guid] 2340376535 [EditorId] 2340376535 [Version] 1048832 [Id] WindowsEditor(7,DESKTOP-FVVDBC7) [Debug] 1 [PackageName] WindowsEditor [ProjectName] Editor" 

Player connection [11508] Host joined multi-casting on [225.0.0.222:54997]...
Player connection [11508] Host joined alternative multi-casting on [225.0.0.222:34997]...
[PhysX] Initialized MultithreadedTaskDispatcher with 6 workers.
Refreshing native plugins compatible for Editor in 10.77 ms, found 4 plugins.
Preloading 0 native plugins for Editor in 0.00 ms.
Initialize engine version: 2022.3.38f1 (c5d5a7410213)
[Subsystems] Discovering subsystems at path C:/Program Files/Unity/Hub/Editor/2022.3.38f1/Editor/Data/Resources/UnitySubsystems
[Subsystems] Discovering subsystems at path C:/Users/foxed/Documents/Unity Projects/hotelKonstantin/Hotel Konstantin/Assets
GfxDevice: creating device client; threaded=0; jobified=0
Direct3D:
    Version:  Direct3D 11.0 [level 11.1]
    Renderer: NVIDIA GeForce RTX 2070 SUPER (ID=0x1e84)
    Vendor:   NVIDIA
    VRAM:     7989 MB
    Driver:   32.0.15.6094
Initialize mono
Mono path[0] = 'C:/Program Files/Unity/Hub/Editor/2022.3.38f1/Editor/Data/Managed'
Mono path[1] = 'C:/Program Files/Unity/Hub/Editor/2022.3.38f1/Editor/Data/MonoBleedingEdge/lib/mono/unityjit-win32'
Mono config path = 'C:/Program Files/Unity/Hub/Editor/2022.3.38f1/Editor/Data/MonoBleedingEdge/etc'
Using monoOptions --debugger-agent=transport=dt_socket,embedding=1,server=y,suspend=n,address=127.0.0.1:56584
Begin MonoManager ReloadAssembly
Registering precompiled unity dll's ...
Register platform support module: C:/Program Files/Unity/Hub/Editor/2022.3.38f1/Editor/Data/PlaybackEngines/WindowsStandaloneSupport/UnityEditor.WindowsStandalone.Extensions.dll
Registered in 0.005264 seconds.
- Loaded All Assemblies, in  0.356 seconds
Native extension for WindowsStandalone target not found
Mono: successfully reloaded assembly
- Finished resetting the current domain, in  0.392 seconds
Domain Reload Profiling: 747ms
	BeginReloadAssembly (113ms)
		ExecutionOrderSort (0ms)
		DisableScriptedObjects (0ms)
		BackupInstance (0ms)
		ReleaseScriptingObjects (0ms)
		CreateAndSetChildDomain (1ms)
	RebuildCommonClasses (40ms)
	RebuildNativeTypeToScriptingClass (11ms)
	initialDomainReloadingComplete (51ms)
	LoadAllAssembliesAndSetupDomain (138ms)
		LoadAssemblies (112ms)
		RebuildTransferFunctionScriptingTraits (0ms)
		AnalyzeDomain (137ms)
			TypeCache.Refresh (135ms)
				TypeCache.ScanAssembly (122ms)
			ScanForSourceGeneratedMonoScriptInfo (0ms)
			ResolveRequiredComponents (0ms)
	FinalizeReload (393ms)
		ReleaseScriptCaches (0ms)
		RebuildScriptCaches (0ms)
		SetupLoadedEditorAssemblies (276ms)
			LogAssemblyErrors (0ms)
			InitializePlatformSupportModulesInManaged (8ms)
			SetLoadedEditorAssemblies (8ms)
			RefreshPlugins (0ms)
			BeforeProcessingInitializeOnLoad (2ms)
			ProcessInitializeOnLoadAttributes (155ms)
			ProcessInitializeOnLoadMethodAttributes (102ms)
			AfterProcessingInitializeOnLoad (0ms)
			EditorAssembliesLoaded (0ms)
		ExecutionOrderSort2 (0ms)
		AwakeInstancesAfterBackupRestoration (0ms)
========================================================================
Worker process is ready to serve import requests
Begin MonoManager ReloadAssembly
Symbol file LoadedFromMemory is not a mono symbol file
- Loaded All Assemblies, in  0.761 seconds
Refreshing native plugins compatible for Editor in 5.09 ms, found 4 plugins.
Native extension for WindowsStandalone target not found
Package Manager log level set to [2]
[Package Manager] Server::EnsureServerProcessIsRunning -- launch failed, reason: Unity was launched with the -noUpm command-line argument
[Package Manager] UpmClient::Send -- Unable to send message (not connected to UPM process).
[Package Manager] Cannot connect to Unity Package Manager local server
Mono: successfully reloaded assembly
- Finished resetting the current domain, in  0.672 seconds
Domain Reload Profiling: 1431ms
	BeginReloadAssembly (157ms)
		ExecutionOrderSort (0ms)
		DisableScriptedObjects (6ms)
		BackupInstance (0ms)
		ReleaseScriptingObjects (0ms)
		CreateAndSetChildDomain (25ms)
	RebuildCommonClasses (36ms)
	RebuildNativeTypeToScriptingClass (11ms)
	initialDomainReloadingComplete (42ms)
	LoadAllAssembliesAndSetupDomain (513ms)
		LoadAssemblies (338ms)
		RebuildTransferFunctionScriptingTraits (0ms)
		AnalyzeDomain (262ms)
			TypeCache.Refresh (224ms)
				TypeCache.ScanAssembly (202ms)
			ScanForSourceGeneratedMonoScriptInfo (28ms)
			ResolveRequiredComponents (8ms)
	FinalizeReload (673ms)
		ReleaseScriptCaches (0ms)
		RebuildScriptCaches (0ms)
		SetupLoadedEditorAssemblies (507ms)
			LogAssemblyErrors (0ms)
			InitializePlatformSupportModulesInManaged (5ms)
			SetLoadedEditorAssemblies (5ms)
			RefreshPlugins (0ms)
			BeforeProcessingInitializeOnLoad (81ms)
			ProcessInitializeOnLoadAttributes (390ms)
			ProcessInitializeOnLoadMethodAttributes (21ms)
			AfterProcessingInitializeOnLoad (5ms)
			EditorAssembliesLoaded (0ms)
		ExecutionOrderSort2 (0ms)
		AwakeInstancesAfterBackupRestoration (7ms)
Launched and connected shader compiler UnityShaderCompiler.exe after 0.04 seconds
Refreshing native plugins compatible for Editor in 3.67 ms, found 4 plugins.
Preloading 0 native plugins for Editor in 0.00 ms.
Unloading 5010 Unused Serialized files (Serialized files now loaded: 0)
Unloading 64 unused Assets / (1.8 MB). Loaded Objects now: 5457.
Memory consumption went from 184.2 MB to 182.4 MB.
Total: 3.549600 ms (FindLiveObjects: 0.395300 ms CreateObjectMapping: 0.318500 ms MarkObjects: 2.478600 ms  DeleteObjects: 0.356500 ms)

AssetImportParameters requested are different than current active one (requested -> active):
  custom:container-demuxer-ogg: 62fdf1f143b41e24485cea50d1cbac27 -> 
  custom:video-codec-MediaFoundation-h265: 746d11721c4dcdbdad8f713fa42b33f4 -> 
  custom:video-decoder-ogg-theora: a1e56fd34408186e4bbccfd4996cb3dc -> 
  custom:framework-win-MediaFoundation: 216162199b28c13a410421893ffa2e32 -> 
  custom:CustomObjectIndexerAttribute: 9a22284fe3817be447336de3de66b15e -> 
  custom:container-demuxer-webm: 4f35f7cbe854078d1ac9338744f61a02 -> 
  custom:container-muxer-webm: aa71ff27fc2769a1b78a27578f13a17b -> 
  custom:video-decoder-webm-vp8: 9c59270c3fd7afecdb556c50c9e8de78 -> 
  custom:SearchIndexIgnoredProperties: e643bd26f0fe6173181afceb89e7c659 -> 
  custom:AudioImporter_EditorPlatform: d09bf68614088b80899f8185d706f6e7 -> 
  custom:video-encoder-webm-vp8: eb34c28f22e8b96e1ab97ce403110664 -> 
  custom:audio-decoder-ogg-vorbis: bf7c407c2cedff20999df2af8eb42d56 -> 
  custom:audio-encoder-webm-vorbis: bf7c407c2cedff20999df2af8eb42d56 -> 
========================================================================
Received Prepare
Begin MonoManager ReloadAssembly
Symbol file LoadedFromMemory is not a mono symbol file
- Loaded All Assemblies, in  0.462 seconds
Refreshing native plugins compatible for Editor in 4.41 ms, found 4 plugins.
Native extension for WindowsStandalone target not found
[Package Manager] Server::EnsureServerProcessIsRunning -- launch failed, reason: Unity was launched with the -noUpm command-line argument
[Package Manager] UpmClient::Send -- Unable to send message (not connected to UPM process).
[Package Manager] Cannot connect to Unity Package Manager local server
Mono: successfully reloaded assembly
- Finished resetting the current domain, in  1.024 seconds
Domain Reload Profiling: 1484ms
	BeginReloadAssembly (166ms)
		ExecutionOrderSort (0ms)
		DisableScriptedObjects (4ms)
		BackupInstance (0ms)
		ReleaseScriptingObjects (0ms)
		CreateAndSetChildDomain (38ms)
	RebuildCommonClasses (36ms)
	RebuildNativeTypeToScriptingClass (12ms)
	initialDomainReloadingComplete (26ms)
	LoadAllAssembliesAndSetupDomain (219ms)
		LoadAssemblies (296ms)
		RebuildTransferFunctionScriptingTraits (0ms)
		AnalyzeDomain (15ms)
			TypeCache.Refresh (7ms)
				TypeCache.ScanAssembly (0ms)
			ScanForSourceGeneratedMonoScriptInfo (0ms)
			ResolveRequiredComponents (7ms)
	FinalizeReload (1024ms)
		ReleaseScriptCaches (0ms)
		RebuildScriptCaches (0ms)
		SetupLoadedEditorAssemblies (477ms)
			LogAssemblyErrors (0ms)
			InitializePlatformSupportModulesInManaged (5ms)
			SetLoadedEditorAssemblies (5ms)
			RefreshPlugins (0ms)
			BeforeProcessingInitializeOnLoad (86ms)
			ProcessInitializeOnLoadAttributes (354ms)
			ProcessInitializeOnLoadMethodAttributes (21ms)
			AfterProcessingInitializeOnLoad (5ms)
			EditorAssembliesLoaded (0ms)
		ExecutionOrderSort2 (0ms)
		AwakeInstancesAfterBackupRestoration (7ms)
Refreshing native plugins compatible for Editor in 4.65 ms, found 4 plugins.
Preloading 0 native plugins for Editor in 0.00 ms.
Unloading 4952 Unused Serialized files (Serialized files now loaded: 0)
Unloading 51 unused Assets / (1.8 MB). Loaded Objects now: 5460.
Memory consumption went from 170.2 MB to 168.4 MB.
Total: 3.920900 ms (FindLiveObjects: 0.351900 ms CreateObjectMapping: 0.294900 ms MarkObjects: 2.868800 ms  DeleteObjects: 0.404400 ms)

Prepare: number of updated asset objects reloaded= 0
AssetImportParameters requested are different than current active one (requested -> active):
  custom:container-demuxer-ogg: 62fdf1f143b41e24485cea50d1cbac27 -> 
  custom:video-codec-MediaFoundation-h265: 746d11721c4dcdbdad8f713fa42b33f4 -> 
  custom:video-decoder-ogg-theora: a1e56fd34408186e4bbccfd4996cb3dc -> 
  custom:framework-win-MediaFoundation: 216162199b28c13a410421893ffa2e32 -> 
  custom:CustomObjectIndexerAttribute: 9a22284fe3817be447336de3de66b15e -> 
  custom:container-demuxer-webm: 4f35f7cbe854078d1ac9338744f61a02 -> 
  custom:container-muxer-webm: aa71ff27fc2769a1b78a27578f13a17b -> 
  custom:video-decoder-webm-vp8: 9c59270c3fd7afecdb556c50c9e8de78 -> 
  custom:SearchIndexIgnoredProperties: e643bd26f0fe6173181afceb89e7c659 -> 
  custom:AudioImporter_EditorPlatform: d09bf68614088b80899f8185d706f6e7 -> 
  custom:video-encoder-webm-vp8: eb34c28f22e8b96e1ab97ce403110664 -> 
  custom:audio-decoder-ogg-vorbis: bf7c407c2cedff20999df2af8eb42d56 -> 
  custom:audio-encoder-webm-vorbis: bf7c407c2cedff20999df2af8eb42d56 -> 
========================================================================
Received Import Request.
  Time since last request: 7285.780675 seconds.
  path: Assets/Scenes/game.unity
  artifactKey: Guid(da49b1eda21f7154b85eb71ebc0ee061) Importer(815301076,1909f56bfc062723c751e8b465ee728b)
Start importing Assets/Scenes/game.unity using Guid(da49b1eda21f7154b85eb71ebc0ee061) Importer(815301076,1909f56bfc062723c751e8b465ee728b) [PhysX] Initialized MultithreadedTaskDispatcher with 6 workers.
 -> (artifact id: '7083eaeddec5ab49786352f9d98f700f') in 0.003474 seconds
Number of updated asset objects reloaded before import = 0
Number of asset objects unloaded after import = 0
========================================================================
Received Import Request.
  Time since last request: 46.241607 seconds.
  path: Assets/Models
  artifactKey: Guid(a4b85538c45e8d3458cecc0b39f19ca3) Importer(815301076,1909f56bfc062723c751e8b465ee728b)
Start importing Assets/Models using Guid(a4b85538c45e8d3458cecc0b39f19ca3) Importer(815301076,1909f56bfc062723c751e8b465ee728b) [PhysX] Initialized MultithreadedTaskDispatcher with 6 workers.
 -> (artifact id: 'd194c576d2b2a80d9a6376859072ae89') in 0.000457 seconds
Number of updated asset objects reloaded before import = 0
Number of asset objects unloaded after import = 0
========================================================================
Received Import Request.
  Time since last request: 0.626691 seconds.
  path: Assets/Models/Alcohol
  artifactKey: Guid(1161d094136279e4c989992a8812ee83) Importer(815301076,1909f56bfc062723c751e8b465ee728b)
Start importing Assets/Models/Alcohol using Guid(1161d094136279e4c989992a8812ee83) Importer(815301076,1909f56bfc062723c751e8b465ee728b) [PhysX] Initialized MultithreadedTaskDispatcher with 6 workers.
 -> (artifact id: 'f7488b8bb78684bf5e77a07abe6a1342') in 0.000483 seconds
Number of updated asset objects reloaded before import = 0
Number of asset objects unloaded after import = 0
========================================================================
Received Import Request.
  Time since last request: 0.257547 seconds.
  path: Assets/Models/bed
  artifactKey: Guid(c28e7948e37ddf54ab2a5c0e41b13dd0) Importer(815301076,1909f56bfc062723c751e8b465ee728b)
Start importing Assets/Models/bed using Guid(c28e7948e37ddf54ab2a5c0e41b13dd0) Importer(815301076,1909f56bfc062723c751e8b465ee728b) [PhysX] Initialized MultithreadedTaskDispatcher with 6 workers.
 -> (artifact id: '9ae8e14ac2b70e1eea59cec303e6f72e') in 0.000489 seconds
Number of updated asset objects reloaded before import = 0
Number of asset objects unloaded after import = 0
========================================================================
Received Import Request.
  Time since last request: 0.043656 seconds.
  path: Assets/Models/bed/bed.fbx
  artifactKey: Guid(216386b071992384c98571416eeb2233) Importer(815301076,1909f56bfc062723c751e8b465ee728b)
Start importing Assets/Models/bed/bed.fbx using Guid(216386b071992384c98571416eeb2233) Importer(815301076,1909f56bfc062723c751e8b465ee728b) [PhysX] Initialized MultithreadedTaskDispatcher with 6 workers.
[PhysX] Initialized MultithreadedTaskDispatcher with 6 workers.
[PhysX] Initialized MultithreadedTaskDispatcher with 6 workers.
[PhysX] Initialized MultithreadedTaskDispatcher with 6 workers.
[PhysX] Initialized MultithreadedTaskDispatcher with 6 workers.
[PhysX] Initialized MultithreadedTaskDispatcher with 6 workers.
[PhysX] Initialized MultithreadedTaskDispatcher with 6 workers.
[PhysX] Initialized MultithreadedTaskDispatcher with 6 workers.
[PhysX] Initialized MultithreadedTaskDispatcher with 6 workers.
[PhysX] Initialized MultithreadedTaskDispatcher with 6 workers.
[PhysX] Initialized MultithreadedTaskDispatcher with 6 workers.
[PhysX] Initialized MultithreadedTaskDispatcher with 6 workers.
[PhysX] Initialized MultithreadedTaskDispatcher with 6 workers.
[PhysX] Initialized MultithreadedTaskDispatcher with 6 workers.
[PhysX] Initialized MultithreadedTaskDispatcher with 6 workers.
 -> (artifact id: '610eaa63a81397f0a27819744b2e5535') in 0.349466 seconds
Number of updated asset objects reloaded before import = 0
Number of asset objects unloaded after import = 31
========================================================================
Received Import Request.
  Time since last request: 0.000028 seconds.
  path: Assets/Models/bed/finewood_27_normal-1K.png
  artifactKey: Guid(2e4a7ec8aec2a8f468ead71e05c86be1) Importer(815301076,1909f56bfc062723c751e8b465ee728b)
Start importing Assets/Models/bed/finewood_27_normal-1K.png using Guid(2e4a7ec8aec2a8f468ead71e05c86be1) Importer(815301076,1909f56bfc062723c751e8b465ee728b) [PhysX] Initialized MultithreadedTaskDispatcher with 6 workers.
[PhysX] Initialized MultithreadedTaskDispatcher with 6 workers.
 -> (artifact id: '168f75d6f5d3f149dd7563c83bec4212') in 0.026122 seconds
Number of updated asset objects reloaded before import = 0
Number of asset objects unloaded after import = 2
========================================================================
Received Import Request.
  Time since last request: 0.000030 seconds.
  path: Assets/Models/bed/fabric_200_Albedo-1K.png
  artifactKey: Guid(f3ac896dfbe2edf47bed43e5d01779fe) Importer(815301076,1909f56bfc062723c751e8b465ee728b)
Start importing Assets/Models/bed/fabric_200_Albedo-1K.png using Guid(f3ac896dfbe2edf47bed43e5d01779fe) Importer(815301076,1909f56bfc062723c751e8b465ee728b) [PhysX] Initialized MultithreadedTaskDispatcher with 6 workers.
[PhysX] Initialized MultithreadedTaskDispatcher with 6 workers.
 -> (artifact id: 'a08c82dd86016fa450b0e27da21bb673') in 0.012852 seconds
Number of updated asset objects reloaded before import = 0
Number of asset objects unloaded after import = 2
========================================================================
Received Import Request.
  Time since last request: 0.000017 seconds.
  path: Assets/Models/bed/fabric2.mat
  artifactKey: Guid(94cc2b84747f82345acabacc8cad7742) Importer(815301076,1909f56bfc062723c751e8b465ee728b)
Start importing Assets/Models/bed/fabric2.mat using Guid(94cc2b84747f82345acabacc8cad7742) Importer(815301076,1909f56bfc062723c751e8b465ee728b) [PhysX] Initialized MultithreadedTaskDispatcher with 6 workers.
[PhysX] Initialized MultithreadedTaskDispatcher with 6 workers.
 -> (artifact id: 'b9c12c2c7d12ffffa3cdc0eb7a72adf6') in 0.205996 seconds
Number of updated asset objects reloaded before import = 0
Number of asset objects unloaded after import = 3
========================================================================
Received Import Request.
  Time since last request: 0.000018 seconds.
  path: Assets/Models/bed/finewood_27_basecolor-1K.png
  artifactKey: Guid(f7f30adcde15ad644842cf67ce853dca) Importer(815301076,1909f56bfc062723c751e8b465ee728b)
Start importing Assets/Models/bed/finewood_27_basecolor-1K.png using Guid(f7f30adcde15ad644842cf67ce853dca) Importer(815301076,1909f56bfc062723c751e8b465ee728b) [PhysX] Initialized MultithreadedTaskDispatcher with 6 workers.
[PhysX] Initialized MultithreadedTaskDispatcher with 6 workers.
 -> (artifact id: '0158ce4899049f0fd9061fa0a3ef9a3c') in 0.012936 seconds
Number of updated asset objects reloaded before import = 0
Number of asset objects unloaded after import = 2
========================================================================
Received Import Request.
  Time since last request: 0.000032 seconds.
  path: Assets/Models/bed/bed.mat
  artifactKey: Guid(a2d5e11c37373d14ab9ab210ee60bfc7) Importer(815301076,1909f56bfc062723c751e8b465ee728b)
Start importing Assets/Models/bed/bed.mat using Guid(a2d5e11c37373d14ab9ab210ee60bfc7) Importer(815301076,1909f56bfc062723c751e8b465ee728b) [PhysX] Initialized MultithreadedTaskDispatcher with 6 workers.
[PhysX] Initialized MultithreadedTaskDispatcher with 6 workers.
 -> (artifact id: 'da84c4b8b71b8ad65075eb6ff750b660') in 0.013535 seconds
Number of updated asset objects reloaded before import = 0
Number of asset objects unloaded after import = 3
========================================================================
Received Import Request.
  Time since last request: 0.000022 seconds.
  path: Assets/Models/bed/wood.mat
  artifactKey: Guid(cc55ffa9b427ab442a6d3ba8087d4a25) Importer(815301076,1909f56bfc062723c751e8b465ee728b)
Start importing Assets/Models/bed/wood.mat using Guid(cc55ffa9b427ab442a6d3ba8087d4a25) Importer(815301076,1909f56bfc062723c751e8b465ee728b) [PhysX] Initialized MultithreadedTaskDispatcher with 6 workers.
[PhysX] Initialized MultithreadedTaskDispatcher with 6 workers.
 -> (artifact id: '4479021fe1f742af1696dccf62572f28') in 0.015282 seconds
Number of updated asset objects reloaded before import = 0
Number of asset objects unloaded after import = 3
========================================================================
Received Import Request.
  Time since last request: 0.000016 seconds.
  path: Assets/Models/bed/fabric_pattern_07_col_1_1k.png
  artifactKey: Guid(11fd4bd629692b84aaae2ebf0b4f5fb1) Importer(815301076,1909f56bfc062723c751e8b465ee728b)
Start importing Assets/Models/bed/fabric_pattern_07_col_1_1k.png using Guid(11fd4bd629692b84aaae2ebf0b4f5fb1) Importer(815301076,1909f56bfc062723c751e8b465ee728b) [PhysX] Initialized MultithreadedTaskDispatcher with 6 workers.
[PhysX] Initialized MultithreadedTaskDispatcher with 6 workers.
 -> (artifact id: '7c094e96e9093d69ab980d2361d02fc8') in 0.014056 seconds
Number of updated asset objects reloaded before import = 0
Number of asset objects unloaded after import = 2
========================================================================
Received Import Request.
  Time since last request: 0.000018 seconds.
  path: Assets/Models/bed/fabrics_0079_normal_opengl_1k.png
  artifactKey: Guid(b86cef158c0459d45891dfeecdb798a8) Importer(815301076,1909f56bfc062723c751e8b465ee728b)
Start importing Assets/Models/bed/fabrics_0079_normal_opengl_1k.png using Guid(b86cef158c0459d45891dfeecdb798a8) Importer(815301076,1909f56bfc062723c751e8b465ee728b) [PhysX] Initialized MultithreadedTaskDispatcher with 6 workers.
[PhysX] Initialized MultithreadedTaskDispatcher with 6 workers.
 -> (artifact id: '287ce4d92c52cd3f0ca490c996c509be') in 0.012795 seconds
Number of updated asset objects reloaded before import = 0
Number of asset objects unloaded after import = 2
========================================================================
Received Import Request.
  Time since last request: 0.000023 seconds.
  path: Assets/Models/bed/fabrics_0079_color_1k.jpg
  artifactKey: Guid(6a56133dbc617214db7a81a1cdf2abbf) Importer(815301076,1909f56bfc062723c751e8b465ee728b)
Start importing Assets/Models/bed/fabrics_0079_color_1k.jpg using Guid(6a56133dbc617214db7a81a1cdf2abbf) Importer(815301076,1909f56bfc062723c751e8b465ee728b) [PhysX] Initialized MultithreadedTaskDispatcher with 6 workers.
[PhysX] Initialized MultithreadedTaskDispatcher with 6 workers.
 -> (artifact id: 'd5cfb08ff618ffa8783622faec4ff646') in 0.013992 seconds
Number of updated asset objects reloaded before import = 0
Number of asset objects unloaded after import = 2
========================================================================
Received Import Request.
  Time since last request: 0.000021 seconds.
  path: Assets/Models/bed/fabric3.mat
  artifactKey: Guid(1905e839479ffb643a3cf80a0f71e3c2) Importer(815301076,1909f56bfc062723c751e8b465ee728b)
Start importing Assets/Models/bed/fabric3.mat using Guid(1905e839479ffb643a3cf80a0f71e3c2) Importer(815301076,1909f56bfc062723c751e8b465ee728b) [PhysX] Initialized MultithreadedTaskDispatcher with 6 workers.
[PhysX] Initialized MultithreadedTaskDispatcher with 6 workers.
 -> (artifact id: 'e7fe4c95c55d3efa1c30c7764ed034a8') in 0.013392 seconds
Number of updated asset objects reloaded before import = 0
Number of asset objects unloaded after import = 2
========================================================================
Received Import Request.
  Time since last request: 0.000016 seconds.
  path: Assets/Models/bed/fabric_200_Normal-1K.png
  artifactKey: Guid(fd9f875c9e14d904ab18d8fb2f8ae0cf) Importer(815301076,1909f56bfc062723c751e8b465ee728b)
Start importing Assets/Models/bed/fabric_200_Normal-1K.png using Guid(fd9f875c9e14d904ab18d8fb2f8ae0cf) Importer(815301076,1909f56bfc062723c751e8b465ee728b) [PhysX] Initialized MultithreadedTaskDispatcher with 6 workers.
[PhysX] Initialized MultithreadedTaskDispatcher with 6 workers.
 -> (artifact id: 'd23c6a1cbb9e4b80faa6d96eb5b48365') in 0.012617 seconds
Number of updated asset objects reloaded before import = 0
Number of asset objects unloaded after import = 2
========================================================================
Received Import Request.
  Time since last request: 25.845320 seconds.
  path: Assets/Models/lift
  artifactKey: Guid(58c5b12807b25974a937a7e82eac9863) Importer(815301076,1909f56bfc062723c751e8b465ee728b)
Start importing Assets/Models/lift using Guid(58c5b12807b25974a937a7e82eac9863) Importer(815301076,1909f56bfc062723c751e8b465ee728b) [PhysX] Initialized MultithreadedTaskDispatcher with 6 workers.
 -> (artifact id: '58cbeb9c43522943e1052d126741153d') in 0.000583 seconds
Number of updated asset objects reloaded before import = 0
Number of asset objects unloaded after import = 0
========================================================================
Received Import Request.
  Time since last request: 0.045858 seconds.
  path: Assets/Models/lift/controlPanel.fbx
  artifactKey: Guid(f5a98822f4e52f244a4d16276ddcc5f7) Importer(815301076,1909f56bfc062723c751e8b465ee728b)
Start importing Assets/Models/lift/controlPanel.fbx using Guid(f5a98822f4e52f244a4d16276ddcc5f7) Importer(815301076,1909f56bfc062723c751e8b465ee728b) [PhysX] Initialized MultithreadedTaskDispatcher with 6 workers.
[PhysX] Initialized MultithreadedTaskDispatcher with 6 workers.
[PhysX] Initialized MultithreadedTaskDispatcher with 6 workers.
[PhysX] Initialized MultithreadedTaskDispatcher with 6 workers.
[PhysX] Initialized MultithreadedTaskDispatcher with 6 workers.
[PhysX] Initialized MultithreadedTaskDispatcher with 6 workers.
[PhysX] Initialized MultithreadedTaskDispatcher with 6 workers.
[PhysX] Initialized MultithreadedTaskDispatcher with 6 workers.
[PhysX] Initialized MultithreadedTaskDispatcher with 6 workers.
[PhysX] Initialized MultithreadedTaskDispatcher with 6 workers.
[PhysX] Initialized MultithreadedTaskDispatcher with 6 workers.
[PhysX] Initialized MultithreadedTaskDispatcher with 6 workers.
[PhysX] Initialized MultithreadedTaskDispatcher with 6 workers.
[PhysX] Initialized MultithreadedTaskDispatcher with 6 workers.
[PhysX] Initialized MultithreadedTaskDispatcher with 6 workers.
[PhysX] Initialized MultithreadedTaskDispatcher with 6 workers.
[PhysX] Initialized MultithreadedTaskDispatcher with 6 workers.
[PhysX] Initialized MultithreadedTaskDispatcher with 6 workers.
[PhysX] Initialized MultithreadedTaskDispatcher with 6 workers.
[PhysX] Initialized MultithreadedTaskDispatcher with 6 workers.
[PhysX] Initialized MultithreadedTaskDispatcher with 6 workers.
[PhysX] Initialized MultithreadedTaskDispatcher with 6 workers.
[PhysX] Initialized MultithreadedTaskDispatcher with 6 workers.
[PhysX] Initialized MultithreadedTaskDispatcher with 6 workers.
[PhysX] Initialized MultithreadedTaskDispatcher with 6 workers.
[PhysX] Initialized MultithreadedTaskDispatcher with 6 workers.
[PhysX] Initialized MultithreadedTaskDispatcher with 6 workers.
[PhysX] Initialized MultithreadedTaskDispatcher with 6 workers.
[PhysX] Initialized MultithreadedTaskDispatcher with 6 workers.
[PhysX] Initialized MultithreadedTaskDispatcher with 6 workers.
 -> (artifact id: 'fab7bd931db976978e541371eeb03e87') in 0.127193 seconds
Number of updated asset objects reloaded before import = 0
Number of asset objects unloaded after import = 60
========================================================================
Received Import Request.
  Time since last request: 0.000018 seconds.
  path: Assets/Models/lift/liftLamp.fbx
  artifactKey: Guid(90540ca9fbe4f6c40a43e42510a9938d) Importer(815301076,1909f56bfc062723c751e8b465ee728b)
Start importing Assets/Models/lift/liftLamp.fbx using Guid(90540ca9fbe4f6c40a43e42510a9938d) Importer(815301076,1909f56bfc062723c751e8b465ee728b) [PhysX] Initialized MultithreadedTaskDispatcher with 6 workers.
[PhysX] Initialized MultithreadedTaskDispatcher with 6 workers.
[PhysX] Initialized MultithreadedTaskDispatcher with 6 workers.
[PhysX] Initialized MultithreadedTaskDispatcher with 6 workers.
[PhysX] Initialized MultithreadedTaskDispatcher with 6 workers.
 -> (artifact id: '2ff8b6b1d8f5110c78060341d6eb127d') in 0.032752 seconds
Number of updated asset objects reloaded before import = 0
Number of asset objects unloaded after import = 9
========================================================================
Received Import Request.
  Time since last request: 0.000026 seconds.
  path: Assets/Models/lift/Lift.fbx
  artifactKey: Guid(5a0f404a8ad54d543bdfe40a5007ac27) Importer(815301076,1909f56bfc062723c751e8b465ee728b)
Start importing Assets/Models/lift/Lift.fbx using Guid(5a0f404a8ad54d543bdfe40a5007ac27) Importer(815301076,1909f56bfc062723c751e8b465ee728b) [PhysX] Initialized MultithreadedTaskDispatcher with 6 workers.
[PhysX] Initialized MultithreadedTaskDispatcher with 6 workers.
[PhysX] Initialized MultithreadedTaskDispatcher with 6 workers.
[PhysX] Initialized MultithreadedTaskDispatcher with 6 workers.
[PhysX] Initialized MultithreadedTaskDispatcher with 6 workers.
[PhysX] Initialized MultithreadedTaskDispatcher with 6 workers.
[PhysX] Initialized MultithreadedTaskDispatcher with 6 workers.
[PhysX] Initialized MultithreadedTaskDispatcher with 6 workers.
[PhysX] Initialized MultithreadedTaskDispatcher with 6 workers.
[PhysX] Initialized MultithreadedTaskDispatcher with 6 workers.
[PhysX] Initialized MultithreadedTaskDispatcher with 6 workers.
[PhysX] Initialized MultithreadedTaskDispatcher with 6 workers.
[PhysX] Initialized MultithreadedTaskDispatcher with 6 workers.
[PhysX] Initialized MultithreadedTaskDispatcher with 6 workers.
[PhysX] Initialized MultithreadedTaskDispatcher with 6 workers.
[PhysX] Initialized MultithreadedTaskDispatcher with 6 workers.
[PhysX] Initialized MultithreadedTaskDispatcher with 6 workers.
[PhysX] Initialized MultithreadedTaskDispatcher with 6 workers.
[PhysX] Initialized MultithreadedTaskDispatcher with 6 workers.
[PhysX] Initialized MultithreadedTaskDispatcher with 6 workers.
[PhysX] Initialized MultithreadedTaskDispatcher with 6 workers.
[PhysX] Initialized MultithreadedTaskDispatcher with 6 workers.
 -> (artifact id: 'ea0892b8a24fa66db69f9c38e70aaddb') in 0.106237 seconds
Number of updated asset objects reloaded before import = 0
Number of asset objects unloaded after import = 40
========================================================================
Received Import Request.
  Time since last request: 0.000017 seconds.
  path: Assets/Models/lift/light.mat
  artifactKey: Guid(cb01f90894396584d9c76e16fa7a888c) Importer(815301076,1909f56bfc062723c751e8b465ee728b)
Start importing Assets/Models/lift/light.mat using Guid(cb01f90894396584d9c76e16fa7a888c) Importer(815301076,1909f56bfc062723c751e8b465ee728b) [PhysX] Initialized MultithreadedTaskDispatcher with 6 workers.
[PhysX] Initialized MultithreadedTaskDispatcher with 6 workers.
 -> (artifact id: '44c15a7299fe00a9a776f223dae7b8b3') in 0.012363 seconds
Number of updated asset objects reloaded before import = 0
Number of asset objects unloaded after import = 1
========================================================================
Received Import Request.
  Time since last request: 0.000018 seconds.
  path: Assets/Models/lift/dark.mat
  artifactKey: Guid(4359acc357b685a4e904434eb3ae43ea) Importer(815301076,1909f56bfc062723c751e8b465ee728b)
Start importing Assets/Models/lift/dark.mat using Guid(4359acc357b685a4e904434eb3ae43ea) Importer(815301076,1909f56bfc062723c751e8b465ee728b) [PhysX] Initialized MultithreadedTaskDispatcher with 6 workers.
[PhysX] Initialized MultithreadedTaskDispatcher with 6 workers.
 -> (artifact id: 'f367a7b6aab3dd998402782763c19cbb') in 0.012900 seconds
Number of updated asset objects reloaded before import = 0
Number of asset objects unloaded after import = 1
========================================================================
Received Import Request.
  Time since last request: 2.465509 seconds.
  path: Assets/Models/lift/textures
  artifactKey: Guid(63654950cc8ec1f4f89b2d50a2d5b6dd) Importer(815301076,1909f56bfc062723c751e8b465ee728b)
Start importing Assets/Models/lift/textures using Guid(63654950cc8ec1f4f89b2d50a2d5b6dd) Importer(815301076,1909f56bfc062723c751e8b465ee728b) [PhysX] Initialized MultithreadedTaskDispatcher with 6 workers.
 -> (artifact id: 'a4ab3c5b351828ba964218b0e682f63a') in 0.000467 seconds
Number of updated asset objects reloaded before import = 0
Number of asset objects unloaded after import = 0
========================================================================
Received Import Request.
  Time since last request: 0.056764 seconds.
  path: Assets/Models/lift/textures/1K-metal_6-diffuse.jpg
  artifactKey: Guid(e86a1d7e7bf97c148a755bc5db4ce71c) Importer(815301076,1909f56bfc062723c751e8b465ee728b)
Start importing Assets/Models/lift/textures/1K-metal_6-diffuse.jpg using Guid(e86a1d7e7bf97c148a755bc5db4ce71c) Importer(815301076,1909f56bfc062723c751e8b465ee728b) [PhysX] Initialized MultithreadedTaskDispatcher with 6 workers.
[PhysX] Initialized MultithreadedTaskDispatcher with 6 workers.
 -> (artifact id: '728636954e69279875cc96c076de9e9f') in 0.013101 seconds
Number of updated asset objects reloaded before import = 0
Number of asset objects unloaded after import = 2
========================================================================
Received Import Request.
  Time since last request: 0.000015 seconds.
  path: Assets/Models/lift/textures/Lift1.mat
  artifactKey: Guid(7534be8e630a7494d9ceb8b084e5416e) Importer(815301076,1909f56bfc062723c751e8b465ee728b)
Start importing Assets/Models/lift/textures/Lift1.mat using Guid(7534be8e630a7494d9ceb8b084e5416e) Importer(815301076,1909f56bfc062723c751e8b465ee728b) [PhysX] Initialized MultithreadedTaskDispatcher with 6 workers.
[PhysX] Initialized MultithreadedTaskDispatcher with 6 workers.
 -> (artifact id: '916767a00aebebf561637867c1002dda') in 0.090302 seconds
Number of updated asset objects reloaded before import = 0
Number of asset objects unloaded after import = 2
========================================================================
Received Import Request.
  Time since last request: 0.000020 seconds.
  path: Assets/Models/lift/textures/Lift2.mat
  artifactKey: Guid(a5cb3889e71e5ae4eab5a4d279faf27d) Importer(815301076,1909f56bfc062723c751e8b465ee728b)
Start importing Assets/Models/lift/textures/Lift2.mat using Guid(a5cb3889e71e5ae4eab5a4d279faf27d) Importer(815301076,1909f56bfc062723c751e8b465ee728b) [PhysX] Initialized MultithreadedTaskDispatcher with 6 workers.
[PhysX] Initialized MultithreadedTaskDispatcher with 6 workers.
 -> (artifact id: 'd21e7dfd92a040c02010af158266bff7') in 0.012109 seconds
Number of updated asset objects reloaded before import = 0
Number of asset objects unloaded after import = 2
========================================================================
Received Import Request.
  Time since last request: 0.000016 seconds.
  path: Assets/Models/lift/textures/1K-Steel_-_Grainy_Albedo.jpg
  artifactKey: Guid(e80140fce523222478f059e46d17762e) Importer(815301076,1909f56bfc062723c751e8b465ee728b)
Start importing Assets/Models/lift/textures/1K-Steel_-_Grainy_Albedo.jpg using Guid(e80140fce523222478f059e46d17762e) Importer(815301076,1909f56bfc062723c751e8b465ee728b) [PhysX] Initialized MultithreadedTaskDispatcher with 6 workers.
[PhysX] Initialized MultithreadedTaskDispatcher with 6 workers.
 -> (artifact id: 'f295f3fc5cfd5894512098aa8791db89') in 0.012640 seconds
Number of updated asset objects reloaded before import = 0
Number of asset objects unloaded after import = 2
========================================================================
Received Import Request.
  Time since last request: 0.000017 seconds.
  path: Assets/Models/lift/textures/steel.mat
  artifactKey: Guid(3fb95f4e54a0526418280a4f576aaaf1) Importer(815301076,1909f56bfc062723c751e8b465ee728b)
Start importing Assets/Models/lift/textures/steel.mat using Guid(3fb95f4e54a0526418280a4f576aaaf1) Importer(815301076,1909f56bfc062723c751e8b465ee728b) [PhysX] Initialized MultithreadedTaskDispatcher with 6 workers.
[PhysX] Initialized MultithreadedTaskDispatcher with 6 workers.
 -> (artifact id: 'd870a2860a9e25ceb13e34b943439fcd') in 0.015230 seconds
Number of updated asset objects reloaded before import = 0
Number of asset objects unloaded after import = 3
========================================================================
Received Import Request.
  Time since last request: 0.000017 seconds.
  path: Assets/Models/lift/textures/1K-Steel_-_Grainy_Normal.jpg
  artifactKey: Guid(1807b3ff49db1d743890b0a275d255d2) Importer(815301076,1909f56bfc062723c751e8b465ee728b)
Start importing Assets/Models/lift/textures/1K-Steel_-_Grainy_Normal.jpg using Guid(1807b3ff49db1d743890b0a275d255d2) Importer(815301076,1909f56bfc062723c751e8b465ee728b) [PhysX] Initialized MultithreadedTaskDispatcher with 6 workers.
[PhysX] Initialized MultithreadedTaskDispatcher with 6 workers.
 -> (artifact id: '834ce16a43d80bd3af407f343db0c7eb') in 0.012478 seconds
Number of updated asset objects reloaded before import = 0
Number of asset objects unloaded after import = 2
========================================================================
Received Import Request.
  Time since last request: 0.000016 seconds.
  path: Assets/Models/lift/textures/1K-metal_6-normal.jpg
  artifactKey: Guid(8cf029f8ce767c543b3b84b6e0e32bec) Importer(815301076,1909f56bfc062723c751e8b465ee728b)
Start importing Assets/Models/lift/textures/1K-metal_6-normal.jpg using Guid(8cf029f8ce767c543b3b84b6e0e32bec) Importer(815301076,1909f56bfc062723c751e8b465ee728b) [PhysX] Initialized MultithreadedTaskDispatcher with 6 workers.
[PhysX] Initialized MultithreadedTaskDispatcher with 6 workers.
 -> (artifact id: '9a9fea61211aea98aa93ad41005ae1b0') in 0.012978 seconds
Number of updated asset objects reloaded before import = 0
Number of asset objects unloaded after import = 2
========================================================================
Received Import Request.
  Time since last request: 0.000016 seconds.
  path: Assets/Models/lift/textures/controlPanelTexture.png
  artifactKey: Guid(19e6368055ab7ad44a33c400b997b9e4) Importer(815301076,1909f56bfc062723c751e8b465ee728b)
Start importing Assets/Models/lift/textures/controlPanelTexture.png using Guid(19e6368055ab7ad44a33c400b997b9e4) Importer(815301076,1909f56bfc062723c751e8b465ee728b) [PhysX] Initialized MultithreadedTaskDispatcher with 6 workers.
[PhysX] Initialized MultithreadedTaskDispatcher with 6 workers.
 -> (artifact id: 'c1b330dae551817083dfc74e9936bf37') in 0.012703 seconds
Number of updated asset objects reloaded before import = 0
Number of asset objects unloaded after import = 2
========================================================================
Received Import Request.
  Time since last request: 0.000021 seconds.
  path: Assets/Models/lift/textures/controlPanel.mat
  artifactKey: Guid(394a37d91bc41674e8046315f8563c88) Importer(815301076,1909f56bfc062723c751e8b465ee728b)
Start importing Assets/Models/lift/textures/controlPanel.mat using Guid(394a37d91bc41674e8046315f8563c88) Importer(815301076,1909f56bfc062723c751e8b465ee728b) [PhysX] Initialized MultithreadedTaskDispatcher with 6 workers.
[PhysX] Initialized MultithreadedTaskDispatcher with 6 workers.
 -> (artifact id: '4cc2140bb3b85eb19a083b4c3ea19d50') in 0.012894 seconds
Number of updated asset objects reloaded before import = 0
Number of asset objects unloaded after import = 2
========================================================================
Received Import Request.
  Time since last request: 0.000023 seconds.
  path: Assets/Models/lift/textures/button.mat
  artifactKey: Guid(965a5e4642c58844aad4d4be382ecfb9) Importer(815301076,1909f56bfc062723c751e8b465ee728b)
Start importing Assets/Models/lift/textures/button.mat using Guid(965a5e4642c58844aad4d4be382ecfb9) Importer(815301076,1909f56bfc062723c751e8b465ee728b) [PhysX] Initialized MultithreadedTaskDispatcher with 6 workers.
[PhysX] Initialized MultithreadedTaskDispatcher with 6 workers.
 -> (artifact id: '9333643aa41457122d6bced0ca70848e') in 0.012157 seconds
Number of updated asset objects reloaded before import = 0
Number of asset objects unloaded after import = 1
========================================================================
Received Import Request.
  Time since last request: 0.000017 seconds.
  path: Assets/Models/lift/textures/dd.mat
  artifactKey: Guid(e8885b408bfccac4497395b9f724663d) Importer(815301076,1909f56bfc062723c751e8b465ee728b)
Start importing Assets/Models/lift/textures/dd.mat using Guid(e8885b408bfccac4497395b9f724663d) Importer(815301076,1909f56bfc062723c751e8b465ee728b) [PhysX] Initialized MultithreadedTaskDispatcher with 6 workers.
[PhysX] Initialized MultithreadedTaskDispatcher with 6 workers.
 -> (artifact id: '7cec9547204c4b05938c8f1a3c3b242c') in 0.011943 seconds
Number of updated asset objects reloaded before import = 0
Number of asset objects unloaded after import = 1
========================================================================
Received Import Request.
  Time since last request: 0.000018 seconds.
  path: Assets/Models/lift/textures/darkSteel.mat
  artifactKey: Guid(535d5771dda4f684992c7868547ef9d3) Importer(815301076,1909f56bfc062723c751e8b465ee728b)
Start importing Assets/Models/lift/textures/darkSteel.mat using Guid(535d5771dda4f684992c7868547ef9d3) Importer(815301076,1909f56bfc062723c751e8b465ee728b) [PhysX] Initialized MultithreadedTaskDispatcher with 6 workers.
[PhysX] Initialized MultithreadedTaskDispatcher with 6 workers.
 -> (artifact id: '6b34169bd5541828a6e3ef1842295bb0') in 0.012910 seconds
Number of updated asset objects reloaded before import = 0
Number of asset objects unloaded after import = 3
========================================================================
Received Import Request.
  Time since last request: 0.000021 seconds.
  path: Assets/Models/lift/textures/liftFloor.mat
  artifactKey: Guid(2a0feeb6243243d4486c7fe8bf4de4dd) Importer(815301076,1909f56bfc062723c751e8b465ee728b)
Start importing Assets/Models/lift/textures/liftFloor.mat using Guid(2a0feeb6243243d4486c7fe8bf4de4dd) Importer(815301076,1909f56bfc062723c751e8b465ee728b) [PhysX] Initialized MultithreadedTaskDispatcher with 6 workers.
[PhysX] Initialized MultithreadedTaskDispatcher with 6 workers.
 -> (artifact id: '2a009f89a4a0c3934c37cc0bb9442498') in 0.019114 seconds
Number of updated asset objects reloaded before import = 0
Number of asset objects unloaded after import = 3
========================================================================
Received Import Request.
  Time since last request: 13.780320 seconds.
  path: Assets/Models/Comod
  artifactKey: Guid(1147ee7317c209f4fb17257eb34bd908) Importer(815301076,1909f56bfc062723c751e8b465ee728b)
Start importing Assets/Models/Comod using Guid(1147ee7317c209f4fb17257eb34bd908) Importer(815301076,1909f56bfc062723c751e8b465ee728b) [PhysX] Initialized MultithreadedTaskDispatcher with 6 workers.
 -> (artifact id: '9a7c23382602a9a90d1e5e3f579c3111') in 0.000573 seconds
Number of updated asset objects reloaded before import = 0
Number of asset objects unloaded after import = 0
========================================================================
Received Import Request.
  Time since last request: 0.254961 seconds.
  path: Assets/Models/chair
  artifactKey: Guid(fd64d8956d5b24645b4cfa03047ff612) Importer(815301076,1909f56bfc062723c751e8b465ee728b)
Start importing Assets/Models/chair using Guid(fd64d8956d5b24645b4cfa03047ff612) Importer(815301076,1909f56bfc062723c751e8b465ee728b) [PhysX] Initialized MultithreadedTaskDispatcher with 6 workers.
 -> (artifact id: 'c656a109a1d94d19e94852b2e4c88a5e') in 0.000651 seconds
Number of updated asset objects reloaded before import = 0
Number of asset objects unloaded after import = 0
========================================================================
Received Import Request.
  Time since last request: 0.329888 seconds.
  path: Assets/Models/Comod/comod.fbx
  artifactKey: Guid(04f73000703058246a9e9977dc2ef62e) Importer(815301076,1909f56bfc062723c751e8b465ee728b)
Start importing Assets/Models/Comod/comod.fbx using Guid(04f73000703058246a9e9977dc2ef62e) Importer(815301076,1909f56bfc062723c751e8b465ee728b) [PhysX] Initialized MultithreadedTaskDispatcher with 6 workers.
[PhysX] Initialized MultithreadedTaskDispatcher with 6 workers.
[PhysX] Initialized MultithreadedTaskDispatcher with 6 workers.
[PhysX] Initialized MultithreadedTaskDispatcher with 6 workers.
[PhysX] Initialized MultithreadedTaskDispatcher with 6 workers.
[PhysX] Initialized MultithreadedTaskDispatcher with 6 workers.
 -> (artifact id: '08f0cea4da85e02796ecdbfb811e21c8') in 0.035922 seconds
Number of updated asset objects reloaded before import = 0
Number of asset objects unloaded after import = 14
========================================================================
Received Import Request.
  Time since last request: 25.600585 seconds.
  path: Assets/Models/towel
  artifactKey: Guid(29a43ef598f63b64da8b8d7d293fa12e) Importer(815301076,1909f56bfc062723c751e8b465ee728b)
Start importing Assets/Models/towel using Guid(29a43ef598f63b64da8b8d7d293fa12e) Importer(815301076,1909f56bfc062723c751e8b465ee728b) [PhysX] Initialized MultithreadedTaskDispatcher with 6 workers.
 -> (artifact id: '3f60cf3e660046f38061353102551b5e') in 0.000585 seconds
Number of updated asset objects reloaded before import = 0
Number of asset objects unloaded after import = 0
========================================================================
Received Import Request.
  Time since last request: 0.053601 seconds.
  path: Assets/Models/towel/dirt.png
  artifactKey: Guid(4e08fd4a26a3636438a87cf4109d15c8) Importer(815301076,1909f56bfc062723c751e8b465ee728b)
Start importing Assets/Models/towel/dirt.png using Guid(4e08fd4a26a3636438a87cf4109d15c8) Importer(815301076,1909f56bfc062723c751e8b465ee728b) [PhysX] Initialized MultithreadedTaskDispatcher with 6 workers.
[PhysX] Initialized MultithreadedTaskDispatcher with 6 workers.
 -> (artifact id: 'e07ee62d28717a1361e80f1534cf5088') in 0.017635 seconds
Number of updated asset objects reloaded before import = 0
Number of asset objects unloaded after import = 2
========================================================================
Received Import Request.
  Time since last request: 0.000015 seconds.
  path: Assets/Models/towel/fabric_190_Normal-1K.png
  artifactKey: Guid(6a90192dc2e6ab848ba8239ce05ac115) Importer(815301076,1909f56bfc062723c751e8b465ee728b)
Start importing Assets/Models/towel/fabric_190_Normal-1K.png using Guid(6a90192dc2e6ab848ba8239ce05ac115) Importer(815301076,1909f56bfc062723c751e8b465ee728b) [PhysX] Initialized MultithreadedTaskDispatcher with 6 workers.
[PhysX] Initialized MultithreadedTaskDispatcher with 6 workers.
 -> (artifact id: '5747e82d92198cd5e7342ffe7597f050') in 0.014419 seconds
Number of updated asset objects reloaded before import = 0
Number of asset objects unloaded after import = 2
========================================================================
Received Import Request.
  Time since last request: 0.000023 seconds.
  path: Assets/Models/towel/towelwithstand.fbx
  artifactKey: Guid(d07705c6243e2fd47a79003bc75ea1e8) Importer(815301076,1909f56bfc062723c751e8b465ee728b)
Start importing Assets/Models/towel/towelwithstand.fbx using Guid(d07705c6243e2fd47a79003bc75ea1e8) Importer(815301076,1909f56bfc062723c751e8b465ee728b) [PhysX] Initialized MultithreadedTaskDispatcher with 6 workers.
[PhysX] Initialized MultithreadedTaskDispatcher with 6 workers.
[PhysX] Initialized MultithreadedTaskDispatcher with 6 workers.
[PhysX] Initialized MultithreadedTaskDispatcher with 6 workers.
[PhysX] Initialized MultithreadedTaskDispatcher with 6 workers.
[PhysX] Initialized MultithreadedTaskDispatcher with 6 workers.
[PhysX] Initialized MultithreadedTaskDispatcher with 6 workers.
[PhysX] Initialized MultithreadedTaskDispatcher with 6 workers.
 -> (artifact id: '874f24dcafd8d896f6e6b7e7846a6c9c') in 0.049449 seconds
Number of updated asset objects reloaded before import = 0
Number of asset objects unloaded after import = 16
========================================================================
Received Import Request.
  Time since last request: 0.000022 seconds.
  path: Assets/Models/towel/towel.mat
  artifactKey: Guid(30c51054563c4a64d8a0257b70d89418) Importer(815301076,1909f56bfc062723c751e8b465ee728b)
Start importing Assets/Models/towel/towel.mat using Guid(30c51054563c4a64d8a0257b70d89418) Importer(815301076,1909f56bfc062723c751e8b465ee728b) [PhysX] Initialized MultithreadedTaskDispatcher with 6 workers.
[PhysX] Initialized MultithreadedTaskDispatcher with 6 workers.
 -> (artifact id: '2689b61385391bf71236f850aacc5e2c') in 0.016718 seconds
Number of updated asset objects reloaded before import = 0
Number of asset objects unloaded after import = 3
========================================================================
Received Import Request.
  Time since last request: 0.000019 seconds.
  path: Assets/Models/towel/notdirt.png
  artifactKey: Guid(367afb3a92876c242a205b2fbce9758c) Importer(815301076,1909f56bfc062723c751e8b465ee728b)
Start importing Assets/Models/towel/notdirt.png using Guid(367afb3a92876c242a205b2fbce9758c) Importer(815301076,1909f56bfc062723c751e8b465ee728b) [PhysX] Initialized MultithreadedTaskDispatcher with 6 workers.
[PhysX] Initialized MultithreadedTaskDispatcher with 6 workers.
 -> (artifact id: '0d10885a96a6252bce455d3e0f901a1f') in 0.013971 seconds
Number of updated asset objects reloaded before import = 0
Number of asset objects unloaded after import = 2
========================================================================
Received Import Request.
  Time since last request: 32.732352 seconds.
  path: Assets/Models/towel/towel.mat
  artifactKey: Guid(30c51054563c4a64d8a0257b70d89418) Importer(815301076,1909f56bfc062723c751e8b465ee728b)
Start importing Assets/Models/towel/towel.mat using Guid(30c51054563c4a64d8a0257b70d89418) Importer(815301076,1909f56bfc062723c751e8b465ee728b) [PhysX] Initialized MultithreadedTaskDispatcher with 6 workers.
[PhysX] Initialized MultithreadedTaskDispatcher with 6 workers.
 -> (artifact id: 'c1a479a82b3cae15ba2d12aca35cd461') in 0.017081 seconds
Number of updated asset objects reloaded before import = 0
Number of asset objects unloaded after import = 3
========================================================================
Received Import Request.
  Time since last request: 10.832494 seconds.
  path: Assets/Models/towel/towel.mat
  artifactKey: Guid(30c51054563c4a64d8a0257b70d89418) Importer(815301076,1909f56bfc062723c751e8b465ee728b)
Start importing Assets/Models/towel/towel.mat using Guid(30c51054563c4a64d8a0257b70d89418) Importer(815301076,1909f56bfc062723c751e8b465ee728b) [PhysX] Initialized MultithreadedTaskDispatcher with 6 workers.
[PhysX] Initialized MultithreadedTaskDispatcher with 6 workers.
 -> (artifact id: '7559d36becd25b66354b84351743b867') in 0.014304 seconds
Number of updated asset objects reloaded before import = 0
Number of asset objects unloaded after import = 3
========================================================================
Received Import Request.
  Time since last request: 8.797663 seconds.
  path: Assets/Models/table
  artifactKey: Guid(71db88daf963be546b7ccab4e2c20b5e) Importer(815301076,1909f56bfc062723c751e8b465ee728b)
Start importing Assets/Models/table using Guid(71db88daf963be546b7ccab4e2c20b5e) Importer(815301076,1909f56bfc062723c751e8b465ee728b) [PhysX] Initialized MultithreadedTaskDispatcher with 6 workers.
 -> (artifact id: 'c42b3ed95217ab50f072e40ca035c68c') in 0.000563 seconds
Number of updated asset objects reloaded before import = 0
Number of asset objects unloaded after import = 0
========================================================================
Received Import Request.
  Time since last request: 0.053202 seconds.
  path: Assets/Models/table/table.fbx
  artifactKey: Guid(b2cef57bdb060f64ca7c3237b4e4d4f4) Importer(815301076,1909f56bfc062723c751e8b465ee728b)
Start importing Assets/Models/table/table.fbx using Guid(b2cef57bdb060f64ca7c3237b4e4d4f4) Importer(815301076,1909f56bfc062723c751e8b465ee728b) [PhysX] Initialized MultithreadedTaskDispatcher with 6 workers.
[PhysX] Initialized MultithreadedTaskDispatcher with 6 workers.
[PhysX] Initialized MultithreadedTaskDispatcher with 6 workers.
[PhysX] Initialized MultithreadedTaskDispatcher with 6 workers.
[PhysX] Initialized MultithreadedTaskDispatcher with 6 workers.
 -> (artifact id: 'be8ef16d9bb8589166a8d61bf4b27089') in 0.025635 seconds
Number of updated asset objects reloaded before import = 0
Number of asset objects unloaded after import = 9
========================================================================
Received Import Request.
  Time since last request: 52.948406 seconds.
  path: Assets/Models/lamp
  artifactKey: Guid(5063662d297854b41b2f6d1f4d49d788) Importer(815301076,1909f56bfc062723c751e8b465ee728b)
Start importing Assets/Models/lamp using Guid(5063662d297854b41b2f6d1f4d49d788) Importer(815301076,1909f56bfc062723c751e8b465ee728b) [PhysX] Initialized MultithreadedTaskDispatcher with 6 workers.
 -> (artifact id: 'bd7c66a8bd07dc0362530ed06f90561e') in 0.000605 seconds
Number of updated asset objects reloaded before import = 0
Number of asset objects unloaded after import = 0
========================================================================
Received Import Request.
  Time since last request: 1.776854 seconds.
  path: Assets/Models/chair/chair.fbx
  artifactKey: Guid(a25198b01a1fcd041852b2572236ff6d) Importer(815301076,1909f56bfc062723c751e8b465ee728b)
Start importing Assets/Models/chair/chair.fbx using Guid(a25198b01a1fcd041852b2572236ff6d) Importer(815301076,1909f56bfc062723c751e8b465ee728b) [PhysX] Initialized MultithreadedTaskDispatcher with 6 workers.
[PhysX] Initialized MultithreadedTaskDispatcher with 6 workers.
[PhysX] Initialized MultithreadedTaskDispatcher with 6 workers.
[PhysX] Initialized MultithreadedTaskDispatcher with 6 workers.
[PhysX] Initialized MultithreadedTaskDispatcher with 6 workers.
[PhysX] Initialized MultithreadedTaskDispatcher with 6 workers.
 -> (artifact id: '031956e757bb7690036d080aa94cc1c4') in 0.045563 seconds
Number of updated asset objects reloaded before import = 0
Number of asset objects unloaded after import = 10
========================================================================
Received Import Request.
  Time since last request: 0.000018 seconds.
  path: Assets/Models/chair/fabric.mat
  artifactKey: Guid(c9e166bf2ae2a6447892a6e795c3e51d) Importer(815301076,1909f56bfc062723c751e8b465ee728b)
Start importing Assets/Models/chair/fabric.mat using Guid(c9e166bf2ae2a6447892a6e795c3e51d) Importer(815301076,1909f56bfc062723c751e8b465ee728b) [PhysX] Initialized MultithreadedTaskDispatcher with 6 workers.
[PhysX] Initialized MultithreadedTaskDispatcher with 6 workers.
 -> (artifact id: '8872716b52955385a30d8159128637fb') in 0.014987 seconds
Number of updated asset objects reloaded before import = 0
Number of asset objects unloaded after import = 2
========================================================================
Received Import Request.
  Time since last request: 43.725509 seconds.
  path: Assets/Models/carpet
  artifactKey: Guid(d60a06f6b5e81ec40ab45eac4d238856) Importer(815301076,1909f56bfc062723c751e8b465ee728b)
Start importing Assets/Models/carpet using Guid(d60a06f6b5e81ec40ab45eac4d238856) Importer(815301076,1909f56bfc062723c751e8b465ee728b) [PhysX] Initialized MultithreadedTaskDispatcher with 6 workers.
 -> (artifact id: 'b1b73823b8bc66154a9058c93587cda5') in 0.000672 seconds
Number of updated asset objects reloaded before import = 0
Number of asset objects unloaded after import = 0
